<!DOCTYPE html PUBLIC "-//W3C//DTD XHTML 1.1//EN" "http://www.w3.org/TR/xhtml11/DTD/xhtml11.dtd">
<html xmlns="http://www.w3.org/1999/xhtml">
<head>
<meta http-equiv="content-type" content="text/html; charset=UTF-8"/>
<title>TestNG Report</title>
<style type="text/css">table {margin-bottom:10px;border-collapse:collapse;empty-cells:show}th,td {border:1px solid #009;padding:.25em .5em}th {vertical-align:bottom}td {vertical-align:top}table a {font-weight:bold}.stripe td {background-color: #E6EBF9}.num {text-align:right}.passedodd td {background-color: #3F3}.passedeven td {background-color: #0A0}.skippedodd td {background-color: #DDD}.skippedeven td {background-color: #CCC}.failedodd td,.attn {background-color: #F33}.failedeven td,.stripe .attn {background-color: #D00}.stacktrace {white-space:pre;font-family:monospace}.totop {font-size:85%;text-align:center;border-bottom:2px solid #000}.invisible {display:none}</style>
</head>
<body>
<table>
<tr><th>Test</th><th># Passed</th><th># Skipped</th><th># Retried</th><th># Failed</th><th>Time (ms)</th><th>Included Groups</th><th>Excluded Groups</th></tr>
<tr><th colspan="8">parallel</th></tr>
<tr><td><a href="#t0">Test-Runner=1</a></td><td class="num">3</td><td class="num">0</td><td class="num">0</td><td class="num">0</td><td class="num">253,318</td><td></td><td></td></tr>
<tr class="stripe"><td><a href="#t1">Test-Runner=2</a></td><td class="num">3</td><td class="num attn">1</td><td class="num">0</td><td class="num">0</td><td class="num">159,694</td><td></td><td></td></tr>
<tr><th>Total</th><th class="num">6</th><th class="num attn">1</th><th class="num">0</th><th class="num">0</th><th class="num">413,012</th><th colspan="2"></th></tr>
</table>
<table id='summary'><thead><tr><th>Class</th><th>Method</th><th>Start</th><th>Time (ms)</th></tr></thead><tbody><tr><th colspan="4">parallel</th></tr></tbody><tbody id="t0"><tr><th colspan="4">Test-Runner=1 &#8212; passed</th></tr><tr class="passedeven"><td rowspan="1">com.admin.AddEmployee_TC_01_test</td><td><a href="#m0">tc_01_test</a></td><td rowspan="1">1701405236641</td><td rowspan="1">172358</td></tr><tr class="passedodd"><td rowspan="1">com.admin.CreateHRHead_DowngradeTo_HROfficer_AddEmployee_TC_31_test</td><td><a href="#m1">tc_31_test</a></td><td rowspan="1">1701405236607</td><td rowspan="1">205147</td></tr><tr class="passedeven"><td rowspan="1">com.hrofficer.DeleteEmployee_FromHRO_Check_Employee_KPI_TC_09_test</td><td><a href="#m2">tc_09_test</a></td><td rowspan="1">1701405414121</td><td rowspan="1">68607</td></tr></tbody>
<tbody id="t1"><tr><th colspan="4">Test-Runner=2 &#8212; failed (configuration methods)</th></tr><tr class="failedeven"><td rowspan="2">com.hrofficer.HrOfficerLogin_TC_02_test</td><td><a href="#m3">config_AM</a></td><td rowspan="1">1701405488022</td><td rowspan="1">212</td></tr><tr class="failedeven"><td><a href="#m4">config_BC</a></td><td rowspan="1">1701405484882</td><td rowspan="1">3022</td></tr><tr><th colspan="4">Test-Runner=2 &#8212; skipped</th></tr><tr class="skippedeven"><td rowspan="1">com.hrofficer.HrOfficerLogin_TC_02_test</td><td><a href="#m5">tc_02_test</a></td><td rowspan="1">1701405488008</td><td rowspan="1">0</td></tr><tr><th colspan="4">Test-Runner=2 &#8212; passed</th></tr><tr class="passedeven"><td rowspan="1">com.admin.AddEmployeeHRH_Check_Employee_FromHRO_TC_54_test</td><td><a href="#m6">tc_54_test</a></td><td rowspan="1">1701405491114</td><td rowspan="1">97251</td></tr><tr class="passedodd"><td rowspan="1">com.admin.CreateHRAssistant_DeleteHRA_AgainLogin_TC_34_test</td><td><a href="#m7">tc_34_test</a></td><td rowspan="1">1701405488558</td><td rowspan="1">55847</td></tr><tr class="passedeven"><td rowspan="1">com.hrassistant.EditEmployee_FromHRA_CheckFromHRH_TC_24_test</td><td><a href="#m8">tc_24_test</a></td><td rowspan="1">1701405549215</td><td rowspan="1">93984</td></tr></tbody>
</table>
<h2>Test-Runner=1</h2><h3 id="m0">com.admin.AddEmployee_TC_01_test#tc_01_test</h3><table class="result"><tr><th>Messages</th></tr><tr><td><div class="messages">[ Test script execution starts from here. ]<br/>[ Test script execution starts from here. ]<br/>tc_01_test [ Test script executed successfully. ]<br/>tc_01_test [ Test script executed successfully. ]</div></td></tr></table><p class="totop"><a href="#summary">back to summary</a></p>
<h3 id="m1">com.admin.CreateHRHead_DowngradeTo_HROfficer_AddEmployee_TC_31_test#tc_31_test</h3><table class="result"><tr><th>Messages</th></tr><tr><td><div class="messages">[ Test script execution starts from here. ]<br/>[ Test script execution starts from here. ]<br/>tc_31_test [ Test script executed successfully. ]<br/>tc_31_test [ Test script executed successfully. ]</div></td></tr></table><p class="totop"><a href="#summary">back to summary</a></p>
<h3 id="m2">com.hrofficer.DeleteEmployee_FromHRO_Check_Employee_KPI_TC_09_test#tc_09_test</h3><table class="result"><tr><th>Messages</th></tr><tr><td><div class="messages">[ Test script execution starts from here. ]<br/>[ Test script execution starts from here. ]<br/>tc_09_test [ Test script executed successfully. ]<br/>tc_09_test [ Test script executed successfully. ]</div></td></tr></table><p class="totop"><a href="#summary">back to summary</a></p>
<h2>Test-Runner=2</h2><h3 id="m3">com.hrofficer.HrOfficerLogin_TC_02_test#config_AM</h3><table class="result"><tr><th>Exception</th></tr><tr><td><div class="stacktrace">org.openqa.selenium.NoSuchElementException: no such element: Unable to locate element: {&quot;method&quot;:&quot;xpath&quot;,&quot;selector&quot;:&quot;//i[@class=&apos;fa fa-user&apos;]/..&quot;}
  (Session info: chrome=119.0.6045.200)
For documentation on this error, please visit: https://www.selenium.dev/documentation/webdriver/troubleshooting/errors#no-such-element-exception
Build info: version: &apos;4.15.0&apos;, revision: &apos;1d14b5521b&apos;
System info: os.name: &apos;Windows 11&apos;, os.arch: &apos;amd64&apos;, os.version: &apos;10.0&apos;, java.version: &apos;17.0.9&apos;
Driver info: org.openqa.selenium.chrome.ChromeDriver
Command: [9a1b9d5069881546f938a3e55e26f304, findElement {using=xpath, value=//i[@class=&apos;fa fa-user&apos;]/..}]
Capabilities {acceptInsecureCerts: false, browserName: chrome, browserVersion: 119.0.6045.200, chrome: {chromedriverVersion: 119.0.6045.105 (38c72552c5e..., userDataDir: C:\Users\DELL\AppData\Local...}, fedcm:accounts: true, goog:chromeOptions: {debuggerAddress: localhost:52933}, networkConnectionEnabled: false, pageLoadStrategy: normal, platformName: windows, proxy: Proxy(), se:cdp: ws://localhost:52933/devtoo..., se:cdpVersion: 119.0.6045.200, setWindowRect: true, strictFileInteractability: false, timeouts: {implicit: 0, pageLoad: 300000, script: 30000}, unhandledPromptBehavior: dismiss and notify, webauthn:extension:credBlob: true, webauthn:extension:largeBlob: true, webauthn:extension:minPinLength: true, webauthn:extension:prf: true, webauthn:virtualAuthenticators: true}
Session ID: 9a1b9d5069881546f938a3e55e26f304
	at org.openqa.selenium.remote.codec.w3c.W3CHttpResponseCodec.createException(W3CHttpResponseCodec.java:200)
	at org.openqa.selenium.remote.codec.w3c.W3CHttpResponseCodec.decode(W3CHttpResponseCodec.java:133)
	at org.openqa.selenium.remote.codec.w3c.W3CHttpResponseCodec.decode(W3CHttpResponseCodec.java:52)
	at org.openqa.selenium.remote.HttpCommandExecutor.execute(HttpCommandExecutor.java:191)
	at org.openqa.selenium.remote.service.DriverCommandExecutor.invokeExecute(DriverCommandExecutor.java:200)
	at org.openqa.selenium.remote.service.DriverCommandExecutor.execute(DriverCommandExecutor.java:175)
	at org.openqa.selenium.remote.RemoteWebDriver.execute(RemoteWebDriver.java:607)
	at org.openqa.selenium.remote.ElementLocation$ElementFinder$2.findElement(ElementLocation.java:165)
	at org.openqa.selenium.remote.ElementLocation.findElement(ElementLocation.java:59)
	at org.openqa.selenium.remote.RemoteWebDriver.findElement(RemoteWebDriver.java:364)
	at org.openqa.selenium.remote.RemoteWebDriver.findElement(RemoteWebDriver.java:358)
	at org.openqa.selenium.support.pagefactory.DefaultElementLocator.findElement(DefaultElementLocator.java:68)
	at org.openqa.selenium.support.pagefactory.internal.LocatingElementHandler.invoke(LocatingElementHandler.java:38)
	at jdk.proxy2/jdk.proxy2.$Proxy20.click(Unknown Source)
	at com.hrm.objectRepo.HomePage.logOutFormApplication(HomePage.java:230)
	at com.hrm.genericutils.BaseClass.config_AM(BaseClass.java:86)
	at java.base/java.util.concurrent.ThreadPoolExecutor.runWorker(ThreadPoolExecutor.java:1136)
	at java.base/java.util.concurrent.ThreadPoolExecutor$Worker.run(ThreadPoolExecutor.java:635)
	at java.base/java.lang.Thread.run(Thread.java:842)
... Removed 22 stack frames</div></td></tr></table><p class="totop"><a href="#summary">back to summary</a></p>
<h3 id="m4">com.hrofficer.HrOfficerLogin_TC_02_test#config_BC</h3><table class="result"><tr><th>Exception</th></tr><tr><td><div class="stacktrace">org.openqa.selenium.WebDriverException: no such execution context
  (Session info: chrome=119.0.6045.200)
Build info: version: &apos;4.15.0&apos;, revision: &apos;1d14b5521b&apos;
System info: os.name: &apos;Windows 11&apos;, os.arch: &apos;amd64&apos;, os.version: &apos;10.0&apos;, java.version: &apos;17.0.9&apos;
Driver info: org.openqa.selenium.chrome.ChromeDriver
Command: [9a1b9d5069881546f938a3e55e26f304, maximizeCurrentWindow {}]
Capabilities {acceptInsecureCerts: false, browserName: chrome, browserVersion: 119.0.6045.200, chrome: {chromedriverVersion: 119.0.6045.105 (38c72552c5e..., userDataDir: C:\Users\DELL\AppData\Local...}, fedcm:accounts: true, goog:chromeOptions: {debuggerAddress: localhost:52933}, networkConnectionEnabled: false, pageLoadStrategy: normal, platformName: windows, proxy: Proxy(), se:cdp: ws://localhost:52933/devtoo..., se:cdpVersion: 119.0.6045.200, setWindowRect: true, strictFileInteractability: false, timeouts: {implicit: 0, pageLoad: 300000, script: 30000}, unhandledPromptBehavior: dismiss and notify, webauthn:extension:credBlob: true, webauthn:extension:largeBlob: true, webauthn:extension:minPinLength: true, webauthn:extension:prf: true, webauthn:virtualAuthenticators: true}
Session ID: 9a1b9d5069881546f938a3e55e26f304
	at org.openqa.selenium.remote.codec.w3c.W3CHttpResponseCodec.createException(W3CHttpResponseCodec.java:200)
	at org.openqa.selenium.remote.codec.w3c.W3CHttpResponseCodec.decode(W3CHttpResponseCodec.java:133)
	at org.openqa.selenium.remote.codec.w3c.W3CHttpResponseCodec.decode(W3CHttpResponseCodec.java:52)
	at org.openqa.selenium.remote.HttpCommandExecutor.execute(HttpCommandExecutor.java:191)
	at org.openqa.selenium.remote.service.DriverCommandExecutor.invokeExecute(DriverCommandExecutor.java:200)
	at org.openqa.selenium.remote.service.DriverCommandExecutor.execute(DriverCommandExecutor.java:175)
	at org.openqa.selenium.remote.RemoteWebDriver.execute(RemoteWebDriver.java:607)
	at org.openqa.selenium.remote.RemoteWebDriver.execute(RemoteWebDriver.java:680)
	at org.openqa.selenium.remote.RemoteWebDriver.execute(RemoteWebDriver.java:684)
	at org.openqa.selenium.remote.RemoteWebDriver$RemoteWebDriverOptions$RemoteWindow.maximize(RemoteWebDriver.java:1123)
	at com.hrm.genericutils.WebDriverUtils.maximizeBrowser(WebDriverUtils.java:33)
	at com.hrm.genericutils.BaseClass.config_BC(BaseClass.java:60)
	at java.base/java.util.concurrent.ThreadPoolExecutor.runWorker(ThreadPoolExecutor.java:1136)
	at java.base/java.util.concurrent.ThreadPoolExecutor$Worker.run(ThreadPoolExecutor.java:635)
	at java.base/java.lang.Thread.run(Thread.java:842)
... Removed 15 stack frames</div></td></tr></table><p class="totop"><a href="#summary">back to summary</a></p>
<h3 id="m5">com.hrofficer.HrOfficerLogin_TC_02_test#tc_02_test</h3><table class="result"><tr><th>Messages</th></tr><tr><td><div class="messages">tc_02_test [ Test script execution got skipped. ]</div></td></tr><tr><th>Exception</th></tr><tr><td><div class="stacktrace">org.openqa.selenium.WebDriverException: no such execution context
  (Session info: chrome=119.0.6045.200)
Build info: version: &apos;4.15.0&apos;, revision: &apos;1d14b5521b&apos;
System info: os.name: &apos;Windows 11&apos;, os.arch: &apos;amd64&apos;, os.version: &apos;10.0&apos;, java.version: &apos;17.0.9&apos;
Driver info: org.openqa.selenium.chrome.ChromeDriver
Command: [9a1b9d5069881546f938a3e55e26f304, maximizeCurrentWindow {}]
Capabilities {acceptInsecureCerts: false, browserName: chrome, browserVersion: 119.0.6045.200, chrome: {chromedriverVersion: 119.0.6045.105 (38c72552c5e..., userDataDir: C:\Users\DELL\AppData\Local...}, fedcm:accounts: true, goog:chromeOptions: {debuggerAddress: localhost:52933}, networkConnectionEnabled: false, pageLoadStrategy: normal, platformName: windows, proxy: Proxy(), se:cdp: ws://localhost:52933/devtoo..., se:cdpVersion: 119.0.6045.200, setWindowRect: true, strictFileInteractability: false, timeouts: {implicit: 0, pageLoad: 300000, script: 30000}, unhandledPromptBehavior: dismiss and notify, webauthn:extension:credBlob: true, webauthn:extension:largeBlob: true, webauthn:extension:minPinLength: true, webauthn:extension:prf: true, webauthn:virtualAuthenticators: true}
Session ID: 9a1b9d5069881546f938a3e55e26f304
	at org.openqa.selenium.remote.codec.w3c.W3CHttpResponseCodec.createException(W3CHttpResponseCodec.java:200)
	at org.openqa.selenium.remote.codec.w3c.W3CHttpResponseCodec.decode(W3CHttpResponseCodec.java:133)
	at org.openqa.selenium.remote.codec.w3c.W3CHttpResponseCodec.decode(W3CHttpResponseCodec.java:52)
	at org.openqa.selenium.remote.HttpCommandExecutor.execute(HttpCommandExecutor.java:191)
	at org.openqa.selenium.remote.service.DriverCommandExecutor.invokeExecute(DriverCommandExecutor.java:200)
	at org.openqa.selenium.remote.service.DriverCommandExecutor.execute(DriverCommandExecutor.java:175)
	at org.openqa.selenium.remote.RemoteWebDriver.execute(RemoteWebDriver.java:607)
	at org.openqa.selenium.remote.RemoteWebDriver.execute(RemoteWebDriver.java:680)
	at org.openqa.selenium.remote.RemoteWebDriver.execute(RemoteWebDriver.java:684)
	at org.openqa.selenium.remote.RemoteWebDriver$RemoteWebDriverOptions$RemoteWindow.maximize(RemoteWebDriver.java:1123)
	at com.hrm.genericutils.WebDriverUtils.maximizeBrowser(WebDriverUtils.java:33)
	at com.hrm.genericutils.BaseClass.config_BC(BaseClass.java:60)
	at java.base/java.util.concurrent.ThreadPoolExecutor.runWorker(ThreadPoolExecutor.java:1136)
	at java.base/java.util.concurrent.ThreadPoolExecutor$Worker.run(ThreadPoolExecutor.java:635)
	at java.base/java.lang.Thread.run(Thread.java:842)
... Removed 15 stack frames</div></td></tr></table><p class="totop"><a href="#summary">back to summary</a></p>
<h3 id="m6">com.admin.AddEmployeeHRH_Check_Employee_FromHRO_TC_54_test#tc_54_test</h3><table class="result"><tr><th>Messages</th></tr><tr><td><div class="messages">[ Test script execution starts from here. ]<br/>tc_54_test [ Test script executed successfully. ]</div></td></tr></table><p class="totop"><a href="#summary">back to summary</a></p>
<h3 id="m7">com.admin.CreateHRAssistant_DeleteHRA_AgainLogin_TC_34_test#tc_34_test</h3><table class="result"><tr><th>Messages</th></tr><tr><td><div class="messages">[ Test script execution starts from here. ]<br/>tc_34_test [ Test script executed successfully. ]</div></td></tr></table><p class="totop"><a href="#summary">back to summary</a></p>
<h3 id="m8">com.hrassistant.EditEmployee_FromHRA_CheckFromHRH_TC_24_test#tc_24_test</h3><table class="result"><tr><th>Messages</th></tr><tr><td><div class="messages">[ Test script execution starts from here. ]<br/>tc_24_test [ Test script executed successfully. ]</div></td></tr></table><p class="totop"><a href="#summary">back to summary</a></p>
</body>
</html>
