<?xml version="1.0" encoding="UTF-8"?>
<testng-results ignored="20" total="27" passed="6" failed="0" skipped="1">
  <reporter-output>
    <line>
      <![CDATA[[ Test script execution starts from here. ]]]>
    </line>
    <line>
      <![CDATA[[ Test script execution starts from here. ]]]>
    </line>
    <line>
      <![CDATA[[ Test script execution starts from here. ]]]>
    </line>
    <line>
      <![CDATA[[ Test script execution starts from here. ]]]>
    </line>
    <line>
      <![CDATA[tc_01_test [ Test script executed successfully. ]]]>
    </line>
    <line>
      <![CDATA[tc_01_test [ Test script executed successfully. ]]]>
    </line>
    <line>
      <![CDATA[[ Test script execution starts from here. ]]]>
    </line>
    <line>
      <![CDATA[[ Test script execution starts from here. ]]]>
    </line>
    <line>
      <![CDATA[tc_31_test [ Test script executed successfully. ]]]>
    </line>
    <line>
      <![CDATA[tc_31_test [ Test script executed successfully. ]]]>
    </line>
    <line>
      <![CDATA[tc_09_test [ Test script executed successfully. ]]]>
    </line>
    <line>
      <![CDATA[tc_09_test [ Test script executed successfully. ]]]>
    </line>
    <line>
      <![CDATA[[ Test script execution starts from here. ]]]>
    </line>
    <line>
      <![CDATA[tc_02_test [ Test script execution got skipped. ]]]>
    </line>
    <line>
      <![CDATA[[ Test script execution starts from here. ]]]>
    </line>
    <line>
      <![CDATA[[ Test script execution starts from here. ]]]>
    </line>
    <line>
      <![CDATA[tc_34_test [ Test script executed successfully. ]]]>
    </line>
    <line>
      <![CDATA[[ Test script execution starts from here. ]]]>
    </line>
    <line>
      <![CDATA[tc_54_test [ Test script executed successfully. ]]]>
    </line>
    <line>
      <![CDATA[tc_24_test [ Test script executed successfully. ]]]>
    </line>
  </reporter-output>
  <suite started-at="2023-12-01T10:03:50 IST" name="parallel" finished-at="2023-12-01T10:10:44 IST" duration-ms="413825">
    <groups>
      <group name="system">
        <method signature="AddEmployee_TC_01_test.tc_01_test()[pri:0, instance:com.admin.AddEmployee_TC_01_test@619713e5]" name="tc_01_test" class="com.admin.AddEmployee_TC_01_test"/>
        <method signature="CreateHRHead_DowngradeTo_HROfficer_AddEmployee_TC_31_test.tc_31_test()[pri:0, instance:com.admin.CreateHRHead_DowngradeTo_HROfficer_AddEmployee_TC_31_test@708f5957]" name="tc_31_test" class="com.admin.CreateHRHead_DowngradeTo_HROfficer_AddEmployee_TC_31_test"/>
        <method signature="AddEmployeeHRH_Check_Employee_FromHRO_TC_54_test.tc_54_test()[pri:0, instance:com.admin.AddEmployeeHRH_Check_Employee_FromHRO_TC_54_test@5af3afd9]" name="tc_54_test" class="com.admin.AddEmployeeHRH_Check_Employee_FromHRO_TC_54_test"/>
        <method signature="CreateHRAssistant_DeleteHRA_AgainLogin_TC_34_test.tc_34_test()[pri:0, instance:com.admin.CreateHRAssistant_DeleteHRA_AgainLogin_TC_34_test@661972b0]" name="tc_34_test" class="com.admin.CreateHRAssistant_DeleteHRA_AgainLogin_TC_34_test"/>
      </group> <!-- system -->
      <group name="smoke">
        <method signature="HrOfficerLogin_TC_02_test.tc_02_test()[pri:0, instance:com.hrofficer.HrOfficerLogin_TC_02_test@3bb9a3ff]" name="tc_02_test" class="com.hrofficer.HrOfficerLogin_TC_02_test"/>
      </group> <!-- smoke -->
      <group name="integration">
        <method signature="DeleteEmployee_FromHRO_Check_Employee_KPI_TC_09_test.tc_09_test()[pri:0, instance:com.hrofficer.DeleteEmployee_FromHRO_Check_Employee_KPI_TC_09_test@68999068]" name="tc_09_test" class="com.hrofficer.DeleteEmployee_FromHRO_Check_Employee_KPI_TC_09_test"/>
        <method signature="EditEmployee_FromHRA_CheckFromHRH_TC_24_test.tc_24_test()[pri:0, instance:com.hrassistant.EditEmployee_FromHRA_CheckFromHRH_TC_24_test@323b36e0]" name="tc_24_test" class="com.hrassistant.EditEmployee_FromHRA_CheckFromHRH_TC_24_test"/>
      </group> <!-- integration -->
    </groups>
    <test started-at="2023-12-01T10:03:50 IST" name="Test-Runner=1" finished-at="2023-12-01T10:08:04 IST" duration-ms="253318">
      <class name="com.admin.AddEmployee_TC_01_test">
        <test-method is-config="true" signature="config_BT()[pri:0, instance:com.admin.AddEmployee_TC_01_test@619713e5]" started-at="2023-12-01T10:03:51 IST" name="config_BT" finished-at="2023-12-01T10:03:51 IST" duration-ms="1" status="PASS">
          <reporter-output>
          </reporter-output>
        </test-method> <!-- config_BT -->
        <test-method is-config="true" signature="config_BC()[pri:0, instance:com.admin.AddEmployee_TC_01_test@619713e5]" started-at="2023-12-01T10:03:51 IST" name="config_BC" finished-at="2023-12-01T10:03:56 IST" duration-ms="5345" status="PASS">
          <reporter-output>
          </reporter-output>
        </test-method> <!-- config_BC -->
        <test-method signature="tc_01_test()[pri:0, instance:com.admin.AddEmployee_TC_01_test@619713e5]" started-at="2023-12-01T10:03:56 IST" name="tc_01_test" finished-at="2023-12-01T10:06:48 IST" duration-ms="172358" status="PASS">
          <reporter-output>
            <line>
              <![CDATA[[ Test script execution starts from here. ]]]>
            </line>
            <line>
              <![CDATA[[ Test script execution starts from here. ]]]>
            </line>
            <line>
              <![CDATA[tc_01_test [ Test script executed successfully. ]]]>
            </line>
            <line>
              <![CDATA[tc_01_test [ Test script executed successfully. ]]]>
            </line>
          </reporter-output>
        </test-method> <!-- tc_01_test -->
        <test-method is-config="true" signature="config_AM()[pri:0, instance:com.admin.AddEmployee_TC_01_test@619713e5]" started-at="2023-12-01T10:06:49 IST" name="config_AM" finished-at="2023-12-01T10:06:49 IST" duration-ms="773" status="PASS">
          <reporter-output>
          </reporter-output>
        </test-method> <!-- config_AM -->
        <test-method is-config="true" signature="config_AC()[pri:0, instance:com.admin.AddEmployee_TC_01_test@619713e5]" started-at="2023-12-01T10:06:49 IST" name="config_AC" finished-at="2023-12-01T10:06:51 IST" duration-ms="2047" status="PASS">
          <reporter-output>
          </reporter-output>
        </test-method> <!-- config_AC -->
        <test-method is-config="true" signature="config_AT()[pri:0, instance:com.admin.AddEmployee_TC_01_test@619713e5]" started-at="2023-12-01T10:08:04 IST" name="config_AT" finished-at="2023-12-01T10:08:04 IST" duration-ms="0" status="PASS">
          <reporter-output>
          </reporter-output>
        </test-method> <!-- config_AT -->
      </class> <!-- com.admin.AddEmployee_TC_01_test -->
      <class name="com.admin.CreateHRHead_DowngradeTo_HROfficer_AddEmployee_TC_31_test">
        <test-method is-config="true" signature="config_BC()[pri:0, instance:com.admin.CreateHRHead_DowngradeTo_HROfficer_AddEmployee_TC_31_test@708f5957]" started-at="2023-12-01T10:03:51 IST" name="config_BC" finished-at="2023-12-01T10:03:56 IST" duration-ms="5263" status="PASS">
          <reporter-output>
          </reporter-output>
        </test-method> <!-- config_BC -->
        <test-method signature="tc_31_test()[pri:0, instance:com.admin.CreateHRHead_DowngradeTo_HROfficer_AddEmployee_TC_31_test@708f5957]" started-at="2023-12-01T10:03:56 IST" name="tc_31_test" finished-at="2023-12-01T10:07:21 IST" duration-ms="205147" status="PASS">
          <reporter-output>
            <line>
              <![CDATA[[ Test script execution starts from here. ]]]>
            </line>
            <line>
              <![CDATA[[ Test script execution starts from here. ]]]>
            </line>
            <line>
              <![CDATA[tc_31_test [ Test script executed successfully. ]]]>
            </line>
            <line>
              <![CDATA[tc_31_test [ Test script executed successfully. ]]]>
            </line>
          </reporter-output>
        </test-method> <!-- tc_31_test -->
        <test-method is-config="true" signature="config_AM()[pri:0, instance:com.admin.CreateHRHead_DowngradeTo_HROfficer_AddEmployee_TC_31_test@708f5957]" started-at="2023-12-01T10:07:21 IST" name="config_AM" finished-at="2023-12-01T10:07:22 IST" duration-ms="1068" status="PASS">
          <reporter-output>
          </reporter-output>
        </test-method> <!-- config_AM -->
        <test-method is-config="true" signature="config_AC()[pri:0, instance:com.admin.CreateHRHead_DowngradeTo_HROfficer_AddEmployee_TC_31_test@708f5957]" started-at="2023-12-01T10:07:22 IST" name="config_AC" finished-at="2023-12-01T10:07:25 IST" duration-ms="2281" status="PASS">
          <reporter-output>
          </reporter-output>
        </test-method> <!-- config_AC -->
      </class> <!-- com.admin.CreateHRHead_DowngradeTo_HROfficer_AddEmployee_TC_31_test -->
      <class name="com.hrofficer.DeleteEmployee_FromHRO_Check_Employee_KPI_TC_09_test">
        <test-method is-config="true" signature="config_BC()[pri:0, instance:com.hrofficer.DeleteEmployee_FromHRO_Check_Employee_KPI_TC_09_test@68999068]" started-at="2023-12-01T10:06:51 IST" name="config_BC" finished-at="2023-12-01T10:06:54 IST" duration-ms="2260" status="PASS">
          <reporter-output>
          </reporter-output>
        </test-method> <!-- config_BC -->
        <test-method signature="tc_09_test()[pri:0, instance:com.hrofficer.DeleteEmployee_FromHRO_Check_Employee_KPI_TC_09_test@68999068]" started-at="2023-12-01T10:06:54 IST" name="tc_09_test" finished-at="2023-12-01T10:08:02 IST" duration-ms="68607" status="PASS">
          <reporter-output>
            <line>
              <![CDATA[[ Test script execution starts from here. ]]]>
            </line>
            <line>
              <![CDATA[[ Test script execution starts from here. ]]]>
            </line>
            <line>
              <![CDATA[tc_09_test [ Test script executed successfully. ]]]>
            </line>
            <line>
              <![CDATA[tc_09_test [ Test script executed successfully. ]]]>
            </line>
          </reporter-output>
        </test-method> <!-- tc_09_test -->
        <test-method is-config="true" signature="config_AM()[pri:0, instance:com.hrofficer.DeleteEmployee_FromHRO_Check_Employee_KPI_TC_09_test@68999068]" started-at="2023-12-01T10:08:02 IST" name="config_AM" finished-at="2023-12-01T10:08:03 IST" duration-ms="385" status="PASS">
          <reporter-output>
          </reporter-output>
        </test-method> <!-- config_AM -->
        <test-method is-config="true" signature="config_AC()[pri:0, instance:com.hrofficer.DeleteEmployee_FromHRO_Check_Employee_KPI_TC_09_test@68999068]" started-at="2023-12-01T10:08:03 IST" name="config_AC" finished-at="2023-12-01T10:08:04 IST" duration-ms="935" status="PASS">
          <reporter-output>
          </reporter-output>
        </test-method> <!-- config_AC -->
      </class> <!-- com.hrofficer.DeleteEmployee_FromHRO_Check_Employee_KPI_TC_09_test -->
    </test> <!-- Test-Runner=1 -->
    <test started-at="2023-12-01T10:08:04 IST" name="Test-Runner=2" finished-at="2023-12-01T10:10:44 IST" duration-ms="159694">
      <class name="com.hrassistant.EditEmployee_FromHRA_CheckFromHRH_TC_24_test">
        <test-method is-config="true" signature="config_BC()[pri:0, instance:com.hrassistant.EditEmployee_FromHRA_CheckFromHRH_TC_24_test@323b36e0]" started-at="2023-12-01T10:09:07 IST" name="config_BC" finished-at="2023-12-01T10:09:09 IST" duration-ms="1803" status="PASS">
          <reporter-output>
          </reporter-output>
        </test-method> <!-- config_BC -->
        <test-method signature="tc_24_test()[pri:0, instance:com.hrassistant.EditEmployee_FromHRA_CheckFromHRH_TC_24_test@323b36e0]" started-at="2023-12-01T10:09:09 IST" name="tc_24_test" finished-at="2023-12-01T10:10:43 IST" duration-ms="93984" status="PASS">
          <reporter-output>
            <line>
              <![CDATA[[ Test script execution starts from here. ]]]>
            </line>
            <line>
              <![CDATA[tc_24_test [ Test script executed successfully. ]]]>
            </line>
          </reporter-output>
        </test-method> <!-- tc_24_test -->
        <test-method is-config="true" signature="config_AM()[pri:0, instance:com.hrassistant.EditEmployee_FromHRA_CheckFromHRH_TC_24_test@323b36e0]" started-at="2023-12-01T10:10:43 IST" name="config_AM" finished-at="2023-12-01T10:10:43 IST" duration-ms="614" status="PASS">
          <reporter-output>
          </reporter-output>
        </test-method> <!-- config_AM -->
        <test-method is-config="true" signature="config_AC()[pri:0, instance:com.hrassistant.EditEmployee_FromHRA_CheckFromHRH_TC_24_test@323b36e0]" started-at="2023-12-01T10:10:43 IST" name="config_AC" finished-at="2023-12-01T10:10:44 IST" duration-ms="761" status="PASS">
          <reporter-output>
          </reporter-output>
        </test-method> <!-- config_AC -->
      </class> <!-- com.hrassistant.EditEmployee_FromHRA_CheckFromHRH_TC_24_test -->
      <class name="com.hrofficer.HrOfficerLogin_TC_02_test">
        <test-method is-config="true" signature="config_BS()[pri:0, instance:com.hrofficer.HrOfficerLogin_TC_02_test@3bb9a3ff]" started-at="2023-12-01T10:03:50 IST" name="config_BS" finished-at="2023-12-01T10:03:50 IST" duration-ms="553" status="PASS">
          <reporter-output>
          </reporter-output>
        </test-method> <!-- config_BS -->
        <test-method is-config="true" signature="config_BC()[pri:0, instance:com.hrofficer.HrOfficerLogin_TC_02_test@3bb9a3ff]" started-at="2023-12-01T10:08:04 IST" name="config_BC" finished-at="2023-12-01T10:08:07 IST" duration-ms="3022" status="FAIL">
          <exception class="org.openqa.selenium.WebDriverException">
            <message>
              <![CDATA[no such execution context
  (Session info: chrome=119.0.6045.200)
Build info: version: '4.15.0', revision: '1d14b5521b'
System info: os.name: 'Windows 11', os.arch: 'amd64', os.version: '10.0', java.version: '17.0.9'
Driver info: org.openqa.selenium.chrome.ChromeDriver
Command: [9a1b9d5069881546f938a3e55e26f304, maximizeCurrentWindow {}]
Capabilities {acceptInsecureCerts: false, browserName: chrome, browserVersion: 119.0.6045.200, chrome: {chromedriverVersion: 119.0.6045.105 (38c72552c5e..., userDataDir: C:\Users\DELL\AppData\Local...}, fedcm:accounts: true, goog:chromeOptions: {debuggerAddress: localhost:52933}, networkConnectionEnabled: false, pageLoadStrategy: normal, platformName: windows, proxy: Proxy(), se:cdp: ws://localhost:52933/devtoo..., se:cdpVersion: 119.0.6045.200, setWindowRect: true, strictFileInteractability: false, timeouts: {implicit: 0, pageLoad: 300000, script: 30000}, unhandledPromptBehavior: dismiss and notify, webauthn:extension:credBlob: true, webauthn:extension:largeBlob: true, webauthn:extension:minPinLength: true, webauthn:extension:prf: true, webauthn:virtualAuthenticators: true}
Session ID: 9a1b9d5069881546f938a3e55e26f304]]>
            </message>
            <full-stacktrace>
              <![CDATA[org.openqa.selenium.WebDriverException: no such execution context
  (Session info: chrome=119.0.6045.200)
Build info: version: '4.15.0', revision: '1d14b5521b'
System info: os.name: 'Windows 11', os.arch: 'amd64', os.version: '10.0', java.version: '17.0.9'
Driver info: org.openqa.selenium.chrome.ChromeDriver
Command: [9a1b9d5069881546f938a3e55e26f304, maximizeCurrentWindow {}]
Capabilities {acceptInsecureCerts: false, browserName: chrome, browserVersion: 119.0.6045.200, chrome: {chromedriverVersion: 119.0.6045.105 (38c72552c5e..., userDataDir: C:\Users\DELL\AppData\Local...}, fedcm:accounts: true, goog:chromeOptions: {debuggerAddress: localhost:52933}, networkConnectionEnabled: false, pageLoadStrategy: normal, platformName: windows, proxy: Proxy(), se:cdp: ws://localhost:52933/devtoo..., se:cdpVersion: 119.0.6045.200, setWindowRect: true, strictFileInteractability: false, timeouts: {implicit: 0, pageLoad: 300000, script: 30000}, unhandledPromptBehavior: dismiss and notify, webauthn:extension:credBlob: true, webauthn:extension:largeBlob: true, webauthn:extension:minPinLength: true, webauthn:extension:prf: true, webauthn:virtualAuthenticators: true}
Session ID: 9a1b9d5069881546f938a3e55e26f304
at java.base/jdk.internal.reflect.NativeConstructorAccessorImpl.newInstance0(Native Method)
at java.base/jdk.internal.reflect.NativeConstructorAccessorImpl.newInstance(NativeConstructorAccessorImpl.java:77)
at java.base/jdk.internal.reflect.DelegatingConstructorAccessorImpl.newInstance(DelegatingConstructorAccessorImpl.java:45)
at java.base/java.lang.reflect.Constructor.newInstanceWithCaller(Constructor.java:499)
at java.base/java.lang.reflect.Constructor.newInstance(Constructor.java:480)
at org.openqa.selenium.remote.codec.w3c.W3CHttpResponseCodec.createException(W3CHttpResponseCodec.java:200)
at org.openqa.selenium.remote.codec.w3c.W3CHttpResponseCodec.decode(W3CHttpResponseCodec.java:133)
at org.openqa.selenium.remote.codec.w3c.W3CHttpResponseCodec.decode(W3CHttpResponseCodec.java:52)
at org.openqa.selenium.remote.HttpCommandExecutor.execute(HttpCommandExecutor.java:191)
at org.openqa.selenium.remote.service.DriverCommandExecutor.invokeExecute(DriverCommandExecutor.java:200)
at org.openqa.selenium.remote.service.DriverCommandExecutor.execute(DriverCommandExecutor.java:175)
at org.openqa.selenium.remote.RemoteWebDriver.execute(RemoteWebDriver.java:607)
at org.openqa.selenium.remote.RemoteWebDriver.execute(RemoteWebDriver.java:680)
at org.openqa.selenium.remote.RemoteWebDriver.execute(RemoteWebDriver.java:684)
at org.openqa.selenium.remote.RemoteWebDriver$RemoteWebDriverOptions$RemoteWindow.maximize(RemoteWebDriver.java:1123)
at com.hrm.genericutils.WebDriverUtils.maximizeBrowser(WebDriverUtils.java:33)
at com.hrm.genericutils.BaseClass.config_BC(BaseClass.java:60)
at java.base/jdk.internal.reflect.NativeMethodAccessorImpl.invoke0(Native Method)
at java.base/jdk.internal.reflect.NativeMethodAccessorImpl.invoke(NativeMethodAccessorImpl.java:77)
at java.base/jdk.internal.reflect.DelegatingMethodAccessorImpl.invoke(DelegatingMethodAccessorImpl.java:43)
at java.base/java.lang.reflect.Method.invoke(Method.java:568)
at org.testng.internal.MethodInvocationHelper.invokeMethod(MethodInvocationHelper.java:134)
at org.testng.internal.MethodInvocationHelper.invokeMethodConsideringTimeout(MethodInvocationHelper.java:63)
at org.testng.internal.ConfigInvoker.invokeConfigurationMethod(ConfigInvoker.java:348)
at org.testng.internal.ConfigInvoker.invokeConfigurations(ConfigInvoker.java:302)
at org.testng.internal.TestMethodWorker.invokeBeforeClassMethods(TestMethodWorker.java:176)
at org.testng.internal.TestMethodWorker.run(TestMethodWorker.java:122)
at java.base/java.util.concurrent.ThreadPoolExecutor.runWorker(ThreadPoolExecutor.java:1136)
at java.base/java.util.concurrent.ThreadPoolExecutor$Worker.run(ThreadPoolExecutor.java:635)
at java.base/java.lang.Thread.run(Thread.java:842)
]]>
            </full-stacktrace>
          </exception> <!-- org.openqa.selenium.WebDriverException -->
          <reporter-output>
          </reporter-output>
        </test-method> <!-- config_BC -->
        <test-method is-config="true" signature="config_BT()[pri:0, instance:com.hrofficer.HrOfficerLogin_TC_02_test@3bb9a3ff]" started-at="2023-12-01T10:08:04 IST" name="config_BT" finished-at="2023-12-01T10:08:04 IST" duration-ms="0" status="PASS">
          <reporter-output>
          </reporter-output>
        </test-method> <!-- config_BT -->
        <test-method signature="tc_02_test()[pri:0, instance:com.hrofficer.HrOfficerLogin_TC_02_test@3bb9a3ff]" started-at="2023-12-01T10:08:08 IST" name="tc_02_test" finished-at="2023-12-01T10:08:08 IST" duration-ms="0" status="SKIP">
          <exception class="org.openqa.selenium.WebDriverException">
            <message>
              <![CDATA[no such execution context
  (Session info: chrome=119.0.6045.200)
Build info: version: '4.15.0', revision: '1d14b5521b'
System info: os.name: 'Windows 11', os.arch: 'amd64', os.version: '10.0', java.version: '17.0.9'
Driver info: org.openqa.selenium.chrome.ChromeDriver
Command: [9a1b9d5069881546f938a3e55e26f304, maximizeCurrentWindow {}]
Capabilities {acceptInsecureCerts: false, browserName: chrome, browserVersion: 119.0.6045.200, chrome: {chromedriverVersion: 119.0.6045.105 (38c72552c5e..., userDataDir: C:\Users\DELL\AppData\Local...}, fedcm:accounts: true, goog:chromeOptions: {debuggerAddress: localhost:52933}, networkConnectionEnabled: false, pageLoadStrategy: normal, platformName: windows, proxy: Proxy(), se:cdp: ws://localhost:52933/devtoo..., se:cdpVersion: 119.0.6045.200, setWindowRect: true, strictFileInteractability: false, timeouts: {implicit: 0, pageLoad: 300000, script: 30000}, unhandledPromptBehavior: dismiss and notify, webauthn:extension:credBlob: true, webauthn:extension:largeBlob: true, webauthn:extension:minPinLength: true, webauthn:extension:prf: true, webauthn:virtualAuthenticators: true}
Session ID: 9a1b9d5069881546f938a3e55e26f304]]>
            </message>
            <full-stacktrace>
              <![CDATA[org.openqa.selenium.WebDriverException: no such execution context
  (Session info: chrome=119.0.6045.200)
Build info: version: '4.15.0', revision: '1d14b5521b'
System info: os.name: 'Windows 11', os.arch: 'amd64', os.version: '10.0', java.version: '17.0.9'
Driver info: org.openqa.selenium.chrome.ChromeDriver
Command: [9a1b9d5069881546f938a3e55e26f304, maximizeCurrentWindow {}]
Capabilities {acceptInsecureCerts: false, browserName: chrome, browserVersion: 119.0.6045.200, chrome: {chromedriverVersion: 119.0.6045.105 (38c72552c5e..., userDataDir: C:\Users\DELL\AppData\Local...}, fedcm:accounts: true, goog:chromeOptions: {debuggerAddress: localhost:52933}, networkConnectionEnabled: false, pageLoadStrategy: normal, platformName: windows, proxy: Proxy(), se:cdp: ws://localhost:52933/devtoo..., se:cdpVersion: 119.0.6045.200, setWindowRect: true, strictFileInteractability: false, timeouts: {implicit: 0, pageLoad: 300000, script: 30000}, unhandledPromptBehavior: dismiss and notify, webauthn:extension:credBlob: true, webauthn:extension:largeBlob: true, webauthn:extension:minPinLength: true, webauthn:extension:prf: true, webauthn:virtualAuthenticators: true}
Session ID: 9a1b9d5069881546f938a3e55e26f304
at java.base/jdk.internal.reflect.NativeConstructorAccessorImpl.newInstance0(Native Method)
at java.base/jdk.internal.reflect.NativeConstructorAccessorImpl.newInstance(NativeConstructorAccessorImpl.java:77)
at java.base/jdk.internal.reflect.DelegatingConstructorAccessorImpl.newInstance(DelegatingConstructorAccessorImpl.java:45)
at java.base/java.lang.reflect.Constructor.newInstanceWithCaller(Constructor.java:499)
at java.base/java.lang.reflect.Constructor.newInstance(Constructor.java:480)
at org.openqa.selenium.remote.codec.w3c.W3CHttpResponseCodec.createException(W3CHttpResponseCodec.java:200)
at org.openqa.selenium.remote.codec.w3c.W3CHttpResponseCodec.decode(W3CHttpResponseCodec.java:133)
at org.openqa.selenium.remote.codec.w3c.W3CHttpResponseCodec.decode(W3CHttpResponseCodec.java:52)
at org.openqa.selenium.remote.HttpCommandExecutor.execute(HttpCommandExecutor.java:191)
at org.openqa.selenium.remote.service.DriverCommandExecutor.invokeExecute(DriverCommandExecutor.java:200)
at org.openqa.selenium.remote.service.DriverCommandExecutor.execute(DriverCommandExecutor.java:175)
at org.openqa.selenium.remote.RemoteWebDriver.execute(RemoteWebDriver.java:607)
at org.openqa.selenium.remote.RemoteWebDriver.execute(RemoteWebDriver.java:680)
at org.openqa.selenium.remote.RemoteWebDriver.execute(RemoteWebDriver.java:684)
at org.openqa.selenium.remote.RemoteWebDriver$RemoteWebDriverOptions$RemoteWindow.maximize(RemoteWebDriver.java:1123)
at com.hrm.genericutils.WebDriverUtils.maximizeBrowser(WebDriverUtils.java:33)
at com.hrm.genericutils.BaseClass.config_BC(BaseClass.java:60)
at java.base/jdk.internal.reflect.NativeMethodAccessorImpl.invoke0(Native Method)
at java.base/jdk.internal.reflect.NativeMethodAccessorImpl.invoke(NativeMethodAccessorImpl.java:77)
at java.base/jdk.internal.reflect.DelegatingMethodAccessorImpl.invoke(DelegatingMethodAccessorImpl.java:43)
at java.base/java.lang.reflect.Method.invoke(Method.java:568)
at org.testng.internal.MethodInvocationHelper.invokeMethod(MethodInvocationHelper.java:134)
at org.testng.internal.MethodInvocationHelper.invokeMethodConsideringTimeout(MethodInvocationHelper.java:63)
at org.testng.internal.ConfigInvoker.invokeConfigurationMethod(ConfigInvoker.java:348)
at org.testng.internal.ConfigInvoker.invokeConfigurations(ConfigInvoker.java:302)
at org.testng.internal.TestMethodWorker.invokeBeforeClassMethods(TestMethodWorker.java:176)
at org.testng.internal.TestMethodWorker.run(TestMethodWorker.java:122)
at java.base/java.util.concurrent.ThreadPoolExecutor.runWorker(ThreadPoolExecutor.java:1136)
at java.base/java.util.concurrent.ThreadPoolExecutor$Worker.run(ThreadPoolExecutor.java:635)
at java.base/java.lang.Thread.run(Thread.java:842)
]]>
            </full-stacktrace>
          </exception> <!-- org.openqa.selenium.WebDriverException -->
          <reporter-output>
            <line>
              <![CDATA[tc_02_test [ Test script execution got skipped. ]]]>
            </line>
          </reporter-output>
        </test-method> <!-- tc_02_test -->
        <test-method is-config="true" signature="config_AM()[pri:0, instance:com.hrofficer.HrOfficerLogin_TC_02_test@3bb9a3ff]" started-at="2023-12-01T10:08:08 IST" name="config_AM" finished-at="2023-12-01T10:08:08 IST" duration-ms="212" status="FAIL">
          <exception class="org.openqa.selenium.NoSuchElementException">
            <message>
              <![CDATA[no such element: Unable to locate element: {"method":"xpath","selector":"//i[@class='fa fa-user']/.."}
  (Session info: chrome=119.0.6045.200)
For documentation on this error, please visit: https://www.selenium.dev/documentation/webdriver/troubleshooting/errors#no-such-element-exception
Build info: version: '4.15.0', revision: '1d14b5521b'
System info: os.name: 'Windows 11', os.arch: 'amd64', os.version: '10.0', java.version: '17.0.9'
Driver info: org.openqa.selenium.chrome.ChromeDriver
Command: [9a1b9d5069881546f938a3e55e26f304, findElement {using=xpath, value=//i[@class='fa fa-user']/..}]
Capabilities {acceptInsecureCerts: false, browserName: chrome, browserVersion: 119.0.6045.200, chrome: {chromedriverVersion: 119.0.6045.105 (38c72552c5e..., userDataDir: C:\Users\DELL\AppData\Local...}, fedcm:accounts: true, goog:chromeOptions: {debuggerAddress: localhost:52933}, networkConnectionEnabled: false, pageLoadStrategy: normal, platformName: windows, proxy: Proxy(), se:cdp: ws://localhost:52933/devtoo..., se:cdpVersion: 119.0.6045.200, setWindowRect: true, strictFileInteractability: false, timeouts: {implicit: 0, pageLoad: 300000, script: 30000}, unhandledPromptBehavior: dismiss and notify, webauthn:extension:credBlob: true, webauthn:extension:largeBlob: true, webauthn:extension:minPinLength: true, webauthn:extension:prf: true, webauthn:virtualAuthenticators: true}
Session ID: 9a1b9d5069881546f938a3e55e26f304]]>
            </message>
            <full-stacktrace>
              <![CDATA[org.openqa.selenium.NoSuchElementException: no such element: Unable to locate element: {"method":"xpath","selector":"//i[@class='fa fa-user']/.."}
  (Session info: chrome=119.0.6045.200)
For documentation on this error, please visit: https://www.selenium.dev/documentation/webdriver/troubleshooting/errors#no-such-element-exception
Build info: version: '4.15.0', revision: '1d14b5521b'
System info: os.name: 'Windows 11', os.arch: 'amd64', os.version: '10.0', java.version: '17.0.9'
Driver info: org.openqa.selenium.chrome.ChromeDriver
Command: [9a1b9d5069881546f938a3e55e26f304, findElement {using=xpath, value=//i[@class='fa fa-user']/..}]
Capabilities {acceptInsecureCerts: false, browserName: chrome, browserVersion: 119.0.6045.200, chrome: {chromedriverVersion: 119.0.6045.105 (38c72552c5e..., userDataDir: C:\Users\DELL\AppData\Local...}, fedcm:accounts: true, goog:chromeOptions: {debuggerAddress: localhost:52933}, networkConnectionEnabled: false, pageLoadStrategy: normal, platformName: windows, proxy: Proxy(), se:cdp: ws://localhost:52933/devtoo..., se:cdpVersion: 119.0.6045.200, setWindowRect: true, strictFileInteractability: false, timeouts: {implicit: 0, pageLoad: 300000, script: 30000}, unhandledPromptBehavior: dismiss and notify, webauthn:extension:credBlob: true, webauthn:extension:largeBlob: true, webauthn:extension:minPinLength: true, webauthn:extension:prf: true, webauthn:virtualAuthenticators: true}
Session ID: 9a1b9d5069881546f938a3e55e26f304
at java.base/jdk.internal.reflect.NativeConstructorAccessorImpl.newInstance0(Native Method)
at java.base/jdk.internal.reflect.NativeConstructorAccessorImpl.newInstance(NativeConstructorAccessorImpl.java:77)
at java.base/jdk.internal.reflect.DelegatingConstructorAccessorImpl.newInstance(DelegatingConstructorAccessorImpl.java:45)
at java.base/java.lang.reflect.Constructor.newInstanceWithCaller(Constructor.java:499)
at java.base/java.lang.reflect.Constructor.newInstance(Constructor.java:480)
at org.openqa.selenium.remote.codec.w3c.W3CHttpResponseCodec.createException(W3CHttpResponseCodec.java:200)
at org.openqa.selenium.remote.codec.w3c.W3CHttpResponseCodec.decode(W3CHttpResponseCodec.java:133)
at org.openqa.selenium.remote.codec.w3c.W3CHttpResponseCodec.decode(W3CHttpResponseCodec.java:52)
at org.openqa.selenium.remote.HttpCommandExecutor.execute(HttpCommandExecutor.java:191)
at org.openqa.selenium.remote.service.DriverCommandExecutor.invokeExecute(DriverCommandExecutor.java:200)
at org.openqa.selenium.remote.service.DriverCommandExecutor.execute(DriverCommandExecutor.java:175)
at org.openqa.selenium.remote.RemoteWebDriver.execute(RemoteWebDriver.java:607)
at org.openqa.selenium.remote.ElementLocation$ElementFinder$2.findElement(ElementLocation.java:165)
at org.openqa.selenium.remote.ElementLocation.findElement(ElementLocation.java:59)
at org.openqa.selenium.remote.RemoteWebDriver.findElement(RemoteWebDriver.java:364)
at org.openqa.selenium.remote.RemoteWebDriver.findElement(RemoteWebDriver.java:358)
at org.openqa.selenium.support.pagefactory.DefaultElementLocator.findElement(DefaultElementLocator.java:68)
at org.openqa.selenium.support.pagefactory.internal.LocatingElementHandler.invoke(LocatingElementHandler.java:38)
at jdk.proxy2/jdk.proxy2.$Proxy20.click(Unknown Source)
at com.hrm.objectRepo.HomePage.logOutFormApplication(HomePage.java:230)
at com.hrm.genericutils.BaseClass.config_AM(BaseClass.java:86)
at java.base/jdk.internal.reflect.NativeMethodAccessorImpl.invoke0(Native Method)
at java.base/jdk.internal.reflect.NativeMethodAccessorImpl.invoke(NativeMethodAccessorImpl.java:77)
at java.base/jdk.internal.reflect.DelegatingMethodAccessorImpl.invoke(DelegatingMethodAccessorImpl.java:43)
at java.base/java.lang.reflect.Method.invoke(Method.java:568)
at org.testng.internal.MethodInvocationHelper.invokeMethod(MethodInvocationHelper.java:134)
at org.testng.internal.MethodInvocationHelper.invokeMethodConsideringTimeout(MethodInvocationHelper.java:63)
at org.testng.internal.ConfigInvoker.invokeConfigurationMethod(ConfigInvoker.java:348)
at org.testng.internal.ConfigInvoker.invokeConfigurations(ConfigInvoker.java:302)
at org.testng.internal.TestInvoker.runConfigMethods(TestInvoker.java:695)
at org.testng.internal.TestInvoker.runAfterGroupsConfigurations(TestInvoker.java:671)
at org.testng.internal.TestInvoker.invokeMethod(TestInvoker.java:543)
at org.testng.internal.TestInvoker.invokeTestMethod(TestInvoker.java:173)
at org.testng.internal.MethodRunner.runInSequence(MethodRunner.java:46)
at org.testng.internal.TestInvoker$MethodInvocationAgent.invoke(TestInvoker.java:816)
at org.testng.internal.TestInvoker.invokeTestMethods(TestInvoker.java:146)
at org.testng.internal.TestMethodWorker.invokeTestMethods(TestMethodWorker.java:146)
at org.testng.internal.TestMethodWorker.run(TestMethodWorker.java:128)
at java.base/java.util.concurrent.ThreadPoolExecutor.runWorker(ThreadPoolExecutor.java:1136)
at java.base/java.util.concurrent.ThreadPoolExecutor$Worker.run(ThreadPoolExecutor.java:635)
at java.base/java.lang.Thread.run(Thread.java:842)
]]>
            </full-stacktrace>
          </exception> <!-- org.openqa.selenium.NoSuchElementException -->
          <reporter-output>
          </reporter-output>
        </test-method> <!-- config_AM -->
        <test-method is-config="true" signature="config_AC()[pri:0, instance:com.hrofficer.HrOfficerLogin_TC_02_test@3bb9a3ff]" started-at="2023-12-01T10:08:08 IST" name="config_AC" finished-at="2023-12-01T10:08:09 IST" duration-ms="771" status="PASS">
          <reporter-output>
          </reporter-output>
        </test-method> <!-- config_AC -->
        <test-method is-config="true" signature="config_AT()[pri:0, instance:com.hrofficer.HrOfficerLogin_TC_02_test@3bb9a3ff]" started-at="2023-12-01T10:10:44 IST" name="config_AT" finished-at="2023-12-01T10:10:44 IST" duration-ms="0" status="PASS">
          <reporter-output>
          </reporter-output>
        </test-method> <!-- config_AT -->
        <test-method is-config="true" signature="config_AS()[pri:0, instance:com.hrofficer.HrOfficerLogin_TC_02_test@3bb9a3ff]" started-at="2023-12-01T10:10:44 IST" name="config_AS" finished-at="2023-12-01T10:10:44 IST" duration-ms="0" status="PASS">
          <reporter-output>
          </reporter-output>
        </test-method> <!-- config_AS -->
      </class> <!-- com.hrofficer.HrOfficerLogin_TC_02_test -->
      <class name="com.admin.AddEmployeeHRH_Check_Employee_FromHRO_TC_54_test">
        <test-method is-config="true" signature="config_BC()[pri:0, instance:com.admin.AddEmployeeHRH_Check_Employee_FromHRO_TC_54_test@5af3afd9]" started-at="2023-12-01T10:08:09 IST" name="config_BC" finished-at="2023-12-01T10:08:11 IST" duration-ms="2108" status="PASS">
          <reporter-output>
          </reporter-output>
        </test-method> <!-- config_BC -->
        <test-method signature="tc_54_test()[pri:0, instance:com.admin.AddEmployeeHRH_Check_Employee_FromHRO_TC_54_test@5af3afd9]" started-at="2023-12-01T10:08:11 IST" name="tc_54_test" finished-at="2023-12-01T10:09:48 IST" duration-ms="97251" status="PASS">
          <reporter-output>
            <line>
              <![CDATA[[ Test script execution starts from here. ]]]>
            </line>
            <line>
              <![CDATA[tc_54_test [ Test script executed successfully. ]]]>
            </line>
          </reporter-output>
        </test-method> <!-- tc_54_test -->
        <test-method is-config="true" signature="config_AM()[pri:0, instance:com.admin.AddEmployeeHRH_Check_Employee_FromHRO_TC_54_test@5af3afd9]" started-at="2023-12-01T10:09:48 IST" name="config_AM" finished-at="2023-12-01T10:09:50 IST" duration-ms="1725" status="PASS">
          <reporter-output>
          </reporter-output>
        </test-method> <!-- config_AM -->
        <test-method is-config="true" signature="config_AC()[pri:0, instance:com.admin.AddEmployeeHRH_Check_Employee_FromHRO_TC_54_test@5af3afd9]" started-at="2023-12-01T10:09:50 IST" name="config_AC" finished-at="2023-12-01T10:09:54 IST" duration-ms="4000" status="PASS">
          <reporter-output>
          </reporter-output>
        </test-method> <!-- config_AC -->
      </class> <!-- com.admin.AddEmployeeHRH_Check_Employee_FromHRO_TC_54_test -->
      <class name="com.admin.CreateHRAssistant_DeleteHRA_AgainLogin_TC_34_test">
        <test-method is-config="true" signature="config_BC()[pri:0, instance:com.admin.CreateHRAssistant_DeleteHRA_AgainLogin_TC_34_test@661972b0]" started-at="2023-12-01T10:08:04 IST" name="config_BC" finished-at="2023-12-01T10:08:08 IST" duration-ms="3676" status="PASS">
          <reporter-output>
          </reporter-output>
        </test-method> <!-- config_BC -->
        <test-method signature="tc_34_test()[pri:0, instance:com.admin.CreateHRAssistant_DeleteHRA_AgainLogin_TC_34_test@661972b0]" started-at="2023-12-01T10:08:08 IST" name="tc_34_test" finished-at="2023-12-01T10:09:04 IST" duration-ms="55847" status="PASS">
          <reporter-output>
            <line>
              <![CDATA[[ Test script execution starts from here. ]]]>
            </line>
            <line>
              <![CDATA[tc_34_test [ Test script executed successfully. ]]]>
            </line>
          </reporter-output>
        </test-method> <!-- tc_34_test -->
        <test-method is-config="true" signature="config_AM()[pri:0, instance:com.admin.CreateHRAssistant_DeleteHRA_AgainLogin_TC_34_test@661972b0]" started-at="2023-12-01T10:09:04 IST" name="config_AM" finished-at="2023-12-01T10:09:05 IST" duration-ms="1118" status="PASS">
          <reporter-output>
          </reporter-output>
        </test-method> <!-- config_AM -->
        <test-method is-config="true" signature="config_AC()[pri:0, instance:com.admin.CreateHRAssistant_DeleteHRA_AgainLogin_TC_34_test@661972b0]" started-at="2023-12-01T10:09:05 IST" name="config_AC" finished-at="2023-12-01T10:09:07 IST" duration-ms="1887" status="PASS">
          <reporter-output>
          </reporter-output>
        </test-method> <!-- config_AC -->
      </class> <!-- com.admin.CreateHRAssistant_DeleteHRA_AgainLogin_TC_34_test -->
    </test> <!-- Test-Runner=2 -->
  </suite> <!-- parallel -->
</testng-results>
